<?xml version="1.0" encoding="UTF-8"?>
<!-- Generated by org.testng.reporters.JUnitReportReporter -->
<testsuite skipped="0" hostname="DESKTOP-US8RL53" name="testCases.FacebookTestNew" tests="2" failures="0" timestamp="2020-05-12T00:23:38 IST" time="11.241" errors="0">
  <testcase name="validateTitle" time="10.126" classname="testCases.FacebookTestNew"/>
  <system-out/>
  <testcase name="validateTitle" time="1.115" classname="testCases.FacebookTestNew"/>
  <system-out/>
</testsuite> <!-- testCases.FacebookTestNew -->
